{"C:\\MSI Kate\\KateWolsh\\IT\\Frontend\\Home work\\unittasks\\src\\js\\heathIndicator.js": {"path":"C:\\MSI Kate\\KateWolsh\\IT\\Frontend\\Home work\\unittasks\\src\\js\\heathIndicator.js","statementMap":{"0":{"start":{"line":2,"column":2},"end":{"line":8,"column":3}},"1":{"start":{"line":3,"column":4},"end":{"line":3,"column":21}},"2":{"start":{"line":4,"column":8},"end":{"line":8,"column":3}},"3":{"start":{"line":5,"column":4},"end":{"line":5,"column":21}},"4":{"start":{"line":6,"column":8},"end":{"line":8,"column":3}},"5":{"start":{"line":7,"column":4},"end":{"line":7,"column":22}}},"fnMap":{"0":{"name":"getHealthStatus","decl":{"start":{"line":1,"column":16},"end":{"line":1,"column":31}},"loc":{"start":{"line":1,"column":43},"end":{"line":9,"column":1}},"line":1}},"branchMap":{"0":{"loc":{"start":{"line":2,"column":2},"end":{"line":8,"column":3}},"type":"if","locations":[{"start":{"line":2,"column":2},"end":{"line":8,"column":3}},{"start":{"line":4,"column":8},"end":{"line":8,"column":3}}],"line":2},"1":{"loc":{"start":{"line":4,"column":8},"end":{"line":8,"column":3}},"type":"if","locations":[{"start":{"line":4,"column":8},"end":{"line":8,"column":3}},{"start":{"line":6,"column":8},"end":{"line":8,"column":3}}],"line":4},"2":{"loc":{"start":{"line":6,"column":8},"end":{"line":8,"column":3}},"type":"if","locations":[{"start":{"line":6,"column":8},"end":{"line":8,"column":3}},{"start":{},"end":{}}],"line":6}},"s":{"0":3,"1":1,"2":2,"3":1,"4":1,"5":1},"f":{"0":3},"b":{"0":[1,2],"1":[1,1],"2":[1,0]},"_coverageSchema":"1a1c01bbd47fc00a2c39e90264f33305004495a9","hash":"8f92b3e4b5a74d4a41fbf60ba0d4667bcdd5d298"}
}
